  stdafx.cpp
  SceneMenu.cpp
  SceneGame.cpp
  Cells.cpp
  Génération de code en cours...
  Cells.vcxproj -> D:\SVN\2017-2018\Sections\Prog3B\Sebastien Damiens\IA\Corrigé\Cells\src\..\bin\Cells-d.exe
  Cells.vcxproj -> D:\SVN\2017-2018\Sections\Prog3B\Sebastien Damiens\IA\Corrigé\Cells\src\..\bin\Cells-d.pdb (Partial PDB)
  D:\SVN\2017-2018\Sections\Prog3B\Sebastien Damiens\IA\Corrigé\Cells\src\..\..\CreaEngine\bin\CreaEngine-d.dll
  D:\SVN\2017-2018\Sections\Prog3B\Sebastien Damiens\IA\Corrigé\Cells\src\..\..\CreaEngine\bin\openal32.dll
  D:\SVN\2017-2018\Sections\Prog3B\Sebastien Damiens\IA\Corrigé\Cells\src\..\..\CreaEngine\bin\sfml-audio-2.dll
  D:\SVN\2017-2018\Sections\Prog3B\Sebastien Damiens\IA\Corrigé\Cells\src\..\..\CreaEngine\bin\sfml-audio-d-2.dll
  D:\SVN\2017-2018\Sections\Prog3B\Sebastien Damiens\IA\Corrigé\Cells\src\..\..\CreaEngine\bin\sfml-graphics-2.dll
  D:\SVN\2017-2018\Sections\Prog3B\Sebastien Damiens\IA\Corrigé\Cells\src\..\..\CreaEngine\bin\sfml-graphics-d-2.dll
  D:\SVN\2017-2018\Sections\Prog3B\Sebastien Damiens\IA\Corrigé\Cells\src\..\..\CreaEngine\bin\sfml-network-2.dll
  D:\SVN\2017-2018\Sections\Prog3B\Sebastien Damiens\IA\Corrigé\Cells\src\..\..\CreaEngine\bin\sfml-network-d-2.dll
  D:\SVN\2017-2018\Sections\Prog3B\Sebastien Damiens\IA\Corrigé\Cells\src\..\..\CreaEngine\bin\sfml-system-2.dll
  D:\SVN\2017-2018\Sections\Prog3B\Sebastien Damiens\IA\Corrigé\Cells\src\..\..\CreaEngine\bin\sfml-system-d-2.dll
  D:\SVN\2017-2018\Sections\Prog3B\Sebastien Damiens\IA\Corrigé\Cells\src\..\..\CreaEngine\bin\sfml-window-2.dll
  D:\SVN\2017-2018\Sections\Prog3B\Sebastien Damiens\IA\Corrigé\Cells\src\..\..\CreaEngine\bin\sfml-window-d-2.dll
  12 fichier(s) copié(s)
