d:\seb\bureau\cours\cours_ia\2.2 td search space\enoncé\td search space\creaengine\tmp\debug\creaengine-d.pch
d:\seb\bureau\cours\cours_ia\2.2 td search space\enoncé\td search space\creaengine\tmp\debug\vc140.pdb
d:\seb\bureau\cours\cours_ia\2.2 td search space\enoncé\td search space\creaengine\tmp\debug\vc140.idb
d:\seb\bureau\cours\cours_ia\2.2 td search space\enoncé\td search space\creaengine\tmp\debug\creaengine.obj
d:\seb\bureau\cours\cours_ia\2.2 td search space\enoncé\td search space\creaengine\tmp\debug\component.obj
d:\seb\bureau\cours\cours_ia\2.2 td search space\enoncé\td search space\creaengine\tmp\debug\scene.obj
d:\seb\bureau\cours\cours_ia\2.2 td search space\enoncé\td search space\creaengine\tmp\debug\datamanager.obj
d:\seb\bureau\cours\cours_ia\2.2 td search space\enoncé\td search space\creaengine\tmp\debug\entity.obj
d:\seb\bureau\cours\cours_ia\2.2 td search space\enoncé\td search space\creaengine\tmp\debug\entitymanager.obj
d:\seb\bureau\cours\cours_ia\2.2 td search space\enoncé\td search space\creaengine\tmp\debug\gamemanager.obj
d:\seb\bureau\cours\cours_ia\2.2 td search space\enoncé\td search space\creaengine\tmp\debug\map.obj
d:\seb\bureau\cours\cours_ia\2.2 td search space\enoncé\td search space\creaengine\tmp\debug\node.obj
d:\seb\bureau\cours\cours_ia\2.2 td search space\enoncé\td search space\creaengine\tmp\debug\scenemanager.obj
d:\seb\bureau\cours\cours_ia\2.2 td search space\enoncé\td search space\creaengine\tmp\debug\tileset.obj
d:\seb\bureau\cours\cours_ia\2.2 td search space\enoncé\td search space\creaengine\tmp\debug\color.obj
d:\seb\bureau\cours\cours_ia\2.2 td search space\enoncé\td search space\creaengine\tmp\debug\font.obj
d:\seb\bureau\cours\cours_ia\2.2 td search space\enoncé\td search space\creaengine\tmp\debug\maprenderer.obj
d:\seb\bureau\cours\cours_ia\2.2 td search space\enoncé\td search space\creaengine\tmp\debug\sprite.obj
d:\seb\bureau\cours\cours_ia\2.2 td search space\enoncé\td search space\creaengine\tmp\debug\spriterenderer.obj
d:\seb\bureau\cours\cours_ia\2.2 td search space\enoncé\td search space\creaengine\tmp\debug\text.obj
d:\seb\bureau\cours\cours_ia\2.2 td search space\enoncé\td search space\creaengine\tmp\debug\textrenderer.obj
d:\seb\bureau\cours\cours_ia\2.2 td search space\enoncé\td search space\creaengine\tmp\debug\texture.obj
d:\seb\bureau\cours\cours_ia\2.2 td search space\enoncé\td search space\creaengine\tmp\debug\inputmanager.obj
d:\seb\bureau\cours\cours_ia\2.2 td search space\enoncé\td search space\creaengine\tmp\debug\jsoncpp.obj
d:\seb\bureau\cours\cours_ia\2.2 td search space\enoncé\td search space\creaengine\lib\creaengine-d.lib
d:\seb\bureau\cours\cours_ia\2.2 td search space\enoncé\td search space\creaengine\lib\creaengine-d.exp
d:\seb\bureau\cours\cours_ia\2.2 td search space\enoncé\td search space\creaengine\bin\creaengine-d.ilk
d:\seb\bureau\cours\cours_ia\2.2 td search space\enoncé\td search space\creaengine\bin\creaengine-d.dll
d:\seb\bureau\cours\cours_ia\2.2 td search space\enoncé\td search space\creaengine\lib\creaengine-d.pdb
d:\seb\bureau\cours\cours_ia\2.2 td search space\enoncé\td search space\creaengine\src\..\bin\creaengine-d.dll
d:\seb\bureau\cours\cours_ia\2.2 td search space\enoncé\td search space\creaengine\src\..\bin\creaengine-d.ilk
d:\seb\bureau\cours\cours_ia\2.2 td search space\enoncé\td search space\creaengine\tmp\debug\creaengine.tlog\cl.command.1.tlog
d:\seb\bureau\cours\cours_ia\2.2 td search space\enoncé\td search space\creaengine\tmp\debug\creaengine.tlog\cl.read.1.tlog
d:\seb\bureau\cours\cours_ia\2.2 td search space\enoncé\td search space\creaengine\tmp\debug\creaengine.tlog\cl.write.1.tlog
d:\seb\bureau\cours\cours_ia\2.2 td search space\enoncé\td search space\creaengine\tmp\debug\creaengine.tlog\creaengine.write.1u.tlog
d:\seb\bureau\cours\cours_ia\2.2 td search space\enoncé\td search space\creaengine\tmp\debug\creaengine.tlog\link.command.1.tlog
d:\seb\bureau\cours\cours_ia\2.2 td search space\enoncé\td search space\creaengine\tmp\debug\creaengine.tlog\link.read.1.tlog
d:\seb\bureau\cours\cours_ia\2.2 td search space\enoncé\td search space\creaengine\tmp\debug\creaengine.tlog\link.write.1.tlog
