  CreaEngine.cpp
  jsoncpp.cpp
  InputManager.cpp
  Texture.cpp
  TextRenderer.cpp
  Text.cpp
  SpriteRenderer.cpp
  Sprite.cpp
  MapRenderer.cpp
  Font.cpp
  Color.cpp
  TileSet.cpp
  SceneManager.cpp
  Node.cpp
  Map.cpp
  GameManager.cpp
  EntityManager.cpp
  Entity.cpp
  DataManager.cpp
  Scene.cpp
  Component.cpp
  Generating Code...
     Creating library D:\Seb\Bureau\Cours\Cours_IA\2.2 TD Search Space\Enoncé\TD Search Space\CreaEngine\src\..\lib\CreaEngine-d.lib and object D:\Seb\Bureau\Cours\Cours_IA\2.2 TD Search Space\Enoncé\TD Search Space\CreaEngine\src\..\lib\CreaEngine-d.exp
  CreaEngine.vcxproj -> D:\Seb\Bureau\Cours\Cours_IA\2.2 TD Search Space\Enoncé\TD Search Space\CreaEngine\src\..\bin\CreaEngine-d.dll
