d:\svn\2017-2018\sections\prog3b\sebastien damiens\cours_ia\2.2 td search space\enoncé\td search space\cells\tmp\debug\cells-d.pch
d:\svn\2017-2018\sections\prog3b\sebastien damiens\cours_ia\2.2 td search space\enoncé\td search space\cells\tmp\debug\vc141.pdb
d:\svn\2017-2018\sections\prog3b\sebastien damiens\cours_ia\2.2 td search space\enoncé\td search space\cells\tmp\debug\vc141.idb
d:\svn\2017-2018\sections\prog3b\sebastien damiens\cours_ia\2.2 td search space\enoncé\td search space\cells\tmp\debug\stdafx.obj
d:\svn\2017-2018\sections\prog3b\sebastien damiens\cours_ia\2.2 td search space\enoncé\td search space\cells\tmp\debug\cells.obj
d:\svn\2017-2018\sections\prog3b\sebastien damiens\cours_ia\2.2 td search space\enoncé\td search space\cells\tmp\debug\scenegame.obj
d:\svn\2017-2018\sections\prog3b\sebastien damiens\cours_ia\2.2 td search space\enoncé\td search space\cells\tmp\debug\scenemap.obj
d:\svn\2017-2018\sections\prog3b\sebastien damiens\cours_ia\2.2 td search space\enoncé\td search space\cells\tmp\debug\scenemenu.obj
d:\svn\2017-2018\sections\prog3b\sebastien damiens\cours_ia\2.2 td search space\enoncé\td search space\cells\bin\cells-d.ilk
d:\svn\2017-2018\sections\prog3b\sebastien damiens\cours_ia\2.2 td search space\enoncé\td search space\cells\bin\cells-d.exe
d:\svn\2017-2018\sections\prog3b\sebastien damiens\cours_ia\2.2 td search space\enoncé\td search space\cells\bin\cells-d.pdb
d:\svn\2017-2018\sections\prog3b\sebastien damiens\cours_ia\2.2 td search space\enoncé\td search space\cells\src\..\bin\cells-d.pdb
d:\svn\2017-2018\sections\prog3b\sebastien damiens\cours_ia\2.2 td search space\enoncé\td search space\cells\src\..\bin\cells-d.exe
d:\svn\2017-2018\sections\prog3b\sebastien damiens\cours_ia\2.2 td search space\enoncé\td search space\cells\src\..\bin\cells-d.ilk
d:\svn\2017-2018\sections\prog3b\sebastien damiens\cours_ia\2.2 td search space\enoncé\td search space\cells\tmp\debug\cells.tlog\cl.command.1.tlog
d:\svn\2017-2018\sections\prog3b\sebastien damiens\cours_ia\2.2 td search space\enoncé\td search space\cells\tmp\debug\cells.tlog\cl.read.1.tlog
d:\svn\2017-2018\sections\prog3b\sebastien damiens\cours_ia\2.2 td search space\enoncé\td search space\cells\tmp\debug\cells.tlog\cl.write.1.tlog
d:\svn\2017-2018\sections\prog3b\sebastien damiens\cours_ia\2.2 td search space\enoncé\td search space\cells\tmp\debug\cells.tlog\link.command.1.tlog
d:\svn\2017-2018\sections\prog3b\sebastien damiens\cours_ia\2.2 td search space\enoncé\td search space\cells\tmp\debug\cells.tlog\link.read.1.tlog
d:\svn\2017-2018\sections\prog3b\sebastien damiens\cours_ia\2.2 td search space\enoncé\td search space\cells\tmp\debug\cells.tlog\link.write.1.tlog
