  CreaEngine.cpp
  Component.cpp
  Scene.cpp
  DataManager.cpp
  Entity.cpp
  EntityManager.cpp
  GameManager.cpp
  Map.cpp
  Node.cpp
  SceneManager.cpp
  TileSet.cpp
  Color.cpp
  Font.cpp
  MapRenderer.cpp
  Sprite.cpp
  SpriteRenderer.cpp
  Text.cpp
  TextRenderer.cpp
  Texture.cpp
  InputManager.cpp
  jsoncpp.cpp
     Création de la bibliothèque D:\SVN\2017-2018\Sections\Prog3B\Sebastien Damiens\Cours_IA\2.2 TD Search Space\Enoncé\TD Search Space\CreaEngine\src\..\lib\CreaEngine.lib et de l'objet D:\SVN\2017-2018\Sections\Prog3B\Sebastien Damiens\Cours_IA\2.2 TD Search Space\Enoncé\TD Search Space\CreaEngine\src\..\lib\CreaEngine.exp
  Génération de code en cours
  All 4862 functions were compiled because no usable IPDB/IOBJ from previous compilation was found.
  Fin de la génération du code
  CreaEngine.vcxproj -> D:\SVN\2017-2018\Sections\Prog3B\Sebastien Damiens\Cours_IA\2.2 TD Search Space\Enoncé\TD Search Space\CreaEngine\src\..\bin\CreaEngine.dll
  CreaEngine.vcxproj -> D:\SVN\2017-2018\Sections\Prog3B\Sebastien Damiens\Cours_IA\2.2 TD Search Space\Enoncé\TD Search Space\CreaEngine\src\..\lib\CreaEngine.pdb (Full PDB)
