  stdafx.cpp
  SceneMenu.cpp
  SceneMap.cpp
  SceneGame.cpp
  Cells.cpp
  Génération de code en cours...
Cells.obj : error LNK2019: symbole externe non résolu "__declspec(dllimport) public: __cdecl crea::IntRect::IntRect(int,int,int,int)" (__imp_??0IntRect@crea@@QEAA@HHHH@Z) référencé dans la fonction wmain
Cells.obj : error LNK2019: symbole externe non résolu "__declspec(dllimport) public: __cdecl crea::IntRect::~IntRect(void)" (__imp_??1IntRect@crea@@QEAA@XZ) référencé dans la fonction wmain
Cells.obj : error LNK2019: symbole externe non résolu "__declspec(dllimport) public: static class crea::GameManager * __cdecl crea::GameManager::getSingleton(void)" (__imp_?getSingleton@GameManager@crea@@SAPEAV12@XZ) référencé dans la fonction wmain
SceneGame.obj : error LNK2001: symbole externe non résolu "__declspec(dllimport) public: static class crea::GameManager * __cdecl crea::GameManager::getSingleton(void)" (__imp_?getSingleton@GameManager@crea@@SAPEAV12@XZ)
SceneMap.obj : error LNK2001: symbole externe non résolu "__declspec(dllimport) public: static class crea::GameManager * __cdecl crea::GameManager::getSingleton(void)" (__imp_?getSingleton@GameManager@crea@@SAPEAV12@XZ)
SceneMenu.obj : error LNK2001: symbole externe non résolu "__declspec(dllimport) public: static class crea::GameManager * __cdecl crea::GameManager::getSingleton(void)" (__imp_?getSingleton@GameManager@crea@@SAPEAV12@XZ)
Cells.obj : error LNK2019: symbole externe non résolu "__declspec(dllimport) public: void __cdecl crea::GameManager::setWindowRect(class crea::IntRect)" (__imp_?setWindowRect@GameManager@crea@@QEAAXVIntRect@2@@Z) référencé dans la fonction wmain
Cells.obj : error LNK2019: symbole externe non résolu "__declspec(dllimport) public: void __cdecl crea::GameManager::setScene(class crea::Scene *)" (__imp_?setScene@GameManager@crea@@QEAAXPEAVScene@2@@Z) référencé dans la fonction wmain
SceneGame.obj : error LNK2001: symbole externe non résolu "__declspec(dllimport) public: void __cdecl crea::GameManager::setScene(class crea::Scene *)" (__imp_?setScene@GameManager@crea@@QEAAXPEAVScene@2@@Z)
SceneMap.obj : error LNK2001: symbole externe non résolu "__declspec(dllimport) public: void __cdecl crea::GameManager::setScene(class crea::Scene *)" (__imp_?setScene@GameManager@crea@@QEAAXPEAVScene@2@@Z)
SceneMenu.obj : error LNK2001: symbole externe non résolu "__declspec(dllimport) public: void __cdecl crea::GameManager::setScene(class crea::Scene *)" (__imp_?setScene@GameManager@crea@@QEAAXPEAVScene@2@@Z)
Cells.obj : error LNK2019: symbole externe non résolu "__declspec(dllimport) public: void __cdecl crea::GameManager::init(void)" (__imp_?init@GameManager@crea@@QEAAXXZ) référencé dans la fonction wmain
Cells.obj : error LNK2019: symbole externe non résolu "__declspec(dllimport) public: void __cdecl crea::GameManager::update(void)" (__imp_?update@GameManager@crea@@QEAAXXZ) référencé dans la fonction wmain
Cells.obj : error LNK2019: symbole externe non résolu "__declspec(dllimport) public: void __cdecl crea::GameManager::quit(void)" (__imp_?quit@GameManager@crea@@QEAAXXZ) référencé dans la fonction wmain
SceneGame.obj : error LNK2019: symbole externe non résolu "__declspec(dllimport) public: bool __cdecl crea::GameManager::isKeyPressed(enum crea::Key)" (__imp_?isKeyPressed@GameManager@crea@@QEAA_NW4Key@2@@Z) référencé dans la fonction "public: virtual bool __cdecl SceneGame::onUpdate(void)" (?onUpdate@SceneGame@@UEAA_NXZ)
SceneMap.obj : error LNK2001: symbole externe non résolu "__declspec(dllimport) public: bool __cdecl crea::GameManager::isKeyPressed(enum crea::Key)" (__imp_?isKeyPressed@GameManager@crea@@QEAA_NW4Key@2@@Z)
SceneMenu.obj : error LNK2001: symbole externe non résolu "__declspec(dllimport) public: bool __cdecl crea::GameManager::isKeyPressed(enum crea::Key)" (__imp_?isKeyPressed@GameManager@crea@@QEAA_NW4Key@2@@Z)
SceneGame.obj : error LNK2019: symbole externe non résolu "__declspec(dllimport) public: class crea::Texture * __cdecl crea::GameManager::getTexture(class std::basic_string<char,struct std::char_traits<char>,class std::allocator<char> >)" (__imp_?getTexture@GameManager@crea@@QEAAPEAVTexture@2@V?$basic_string@DU?$char_traits@D@std@@V?$allocator@D@2@@std@@@Z) référencé dans la fonction "public: virtual bool __cdecl SceneGame::onInit(void)" (?onInit@SceneGame@@UEAA_NXZ)
SceneGame.obj : error LNK2019: symbole externe non résolu "__declspec(dllimport) public: void __cdecl crea::GameManager::addEntity(class crea::Entity *,class crea::Entity *)" (__imp_?addEntity@GameManager@crea@@QEAAXPEAVEntity@2@0@Z) référencé dans la fonction "public: virtual bool __cdecl SceneGame::onInit(void)" (?onInit@SceneGame@@UEAA_NXZ)
SceneMap.obj : error LNK2001: symbole externe non résolu "__declspec(dllimport) public: void __cdecl crea::GameManager::addEntity(class crea::Entity *,class crea::Entity *)" (__imp_?addEntity@GameManager@crea@@QEAAXPEAVEntity@2@0@Z)
SceneMenu.obj : error LNK2001: symbole externe non résolu "__declspec(dllimport) public: void __cdecl crea::GameManager::addEntity(class crea::Entity *,class crea::Entity *)" (__imp_?addEntity@GameManager@crea@@QEAAXPEAVEntity@2@0@Z)
SceneGame.obj : error LNK2019: symbole externe non résolu "__declspec(dllimport) public: void __cdecl crea::GameManager::clearAllEntities(void)" (__imp_?clearAllEntities@GameManager@crea@@QEAAXXZ) référencé dans la fonction "public: virtual bool __cdecl SceneGame::onQuit(void)" (?onQuit@SceneGame@@UEAA_NXZ)
SceneMap.obj : error LNK2001: symbole externe non résolu "__declspec(dllimport) public: void __cdecl crea::GameManager::clearAllEntities(void)" (__imp_?clearAllEntities@GameManager@crea@@QEAAXXZ)
SceneMenu.obj : error LNK2001: symbole externe non résolu "__declspec(dllimport) public: void __cdecl crea::GameManager::clearAllEntities(void)" (__imp_?clearAllEntities@GameManager@crea@@QEAAXXZ)
SceneGame.obj : error LNK2019: symbole externe non résolu "__declspec(dllimport) public: __cdecl crea::Entity::Entity(void)" (__imp_??0Entity@crea@@QEAA@XZ) référencé dans la fonction "public: virtual bool __cdecl SceneGame::onInit(void)" (?onInit@SceneGame@@UEAA_NXZ)
SceneMenu.obj : error LNK2001: symbole externe non résolu "__declspec(dllimport) public: __cdecl crea::Entity::Entity(void)" (__imp_??0Entity@crea@@QEAA@XZ)
SceneGame.obj : error LNK2019: symbole externe non résolu "__declspec(dllimport) public: virtual __cdecl crea::Entity::~Entity(void)" (__imp_??1Entity@crea@@UEAA@XZ) référencé dans la fonction "public: virtual void * __cdecl crea::Entity::`scalar deleting destructor'(unsigned int)" (??_GEntity@crea@@UEAAPEAXI@Z)
SceneMenu.obj : error LNK2001: symbole externe non résolu "__declspec(dllimport) public: virtual __cdecl crea::Entity::~Entity(void)" (__imp_??1Entity@crea@@UEAA@XZ)
SceneGame.obj : error LNK2019: symbole externe non résolu "__declspec(dllimport) public: void __cdecl crea::Entity::setName(class std::basic_string<char,struct std::char_traits<char>,class std::allocator<char> > &)" (__imp_?setName@Entity@crea@@QEAAXAEAV?$basic_string@DU?$char_traits@D@std@@V?$allocator@D@2@@std@@@Z) référencé dans la fonction "public: virtual bool __cdecl SceneGame::onInit(void)" (?onInit@SceneGame@@UEAA_NXZ)
SceneMenu.obj : error LNK2001: symbole externe non résolu "__declspec(dllimport) public: void __cdecl crea::Entity::setName(class std::basic_string<char,struct std::char_traits<char>,class std::allocator<char> > &)" (__imp_?setName@Entity@crea@@QEAAXAEAV?$basic_string@DU?$char_traits@D@std@@V?$allocator@D@2@@std@@@Z)
SceneGame.obj : error LNK2019: symbole externe non résolu "__declspec(dllimport) public: void __cdecl crea::Entity::addComponent(class crea::Component *)" (__imp_?addComponent@Entity@crea@@QEAAXPEAVComponent@2@@Z) référencé dans la fonction "public: virtual bool __cdecl SceneGame::onInit(void)" (?onInit@SceneGame@@UEAA_NXZ)
SceneMap.obj : error LNK2001: symbole externe non résolu "__declspec(dllimport) public: void __cdecl crea::Entity::addComponent(class crea::Component *)" (__imp_?addComponent@Entity@crea@@QEAAXPEAVComponent@2@@Z)
SceneMenu.obj : error LNK2001: symbole externe non résolu "__declspec(dllimport) public: void __cdecl crea::Entity::addComponent(class crea::Component *)" (__imp_?addComponent@Entity@crea@@QEAAXPEAVComponent@2@@Z)
SceneGame.obj : error LNK2019: symbole externe non résolu "__declspec(dllimport) public: __cdecl crea::Scene::Scene(void)" (__imp_??0Scene@crea@@QEAA@XZ) référencé dans la fonction "public: __cdecl SceneGame::SceneGame(void)" (??0SceneGame@@QEAA@XZ)
SceneMap.obj : error LNK2001: symbole externe non résolu "__declspec(dllimport) public: __cdecl crea::Scene::Scene(void)" (__imp_??0Scene@crea@@QEAA@XZ)
SceneMenu.obj : error LNK2001: symbole externe non résolu "__declspec(dllimport) public: __cdecl crea::Scene::Scene(void)" (__imp_??0Scene@crea@@QEAA@XZ)
SceneGame.obj : error LNK2019: symbole externe non résolu "__declspec(dllimport) public: virtual __cdecl crea::Scene::~Scene(void)" (__imp_??1Scene@crea@@UEAA@XZ) référencé dans la fonction "public: virtual __cdecl SceneGame::~SceneGame(void)" (??1SceneGame@@UEAA@XZ)
SceneMap.obj : error LNK2001: symbole externe non résolu "__declspec(dllimport) public: virtual __cdecl crea::Scene::~Scene(void)" (__imp_??1Scene@crea@@UEAA@XZ)
SceneMenu.obj : error LNK2001: symbole externe non résolu "__declspec(dllimport) public: virtual __cdecl crea::Scene::~Scene(void)" (__imp_??1Scene@crea@@UEAA@XZ)
SceneGame.obj : error LNK2019: symbole externe non résolu "__declspec(dllimport) public: __cdecl crea::Sprite::Sprite(void)" (__imp_??0Sprite@crea@@QEAA@XZ) référencé dans la fonction "public: virtual bool __cdecl SceneGame::onInit(void)" (?onInit@SceneGame@@UEAA_NXZ)
SceneGame.obj : error LNK2019: symbole externe non résolu "__declspec(dllimport) public: __cdecl crea::SpriteRenderer::SpriteRenderer(void)" (__imp_??0SpriteRenderer@crea@@QEAA@XZ) référencé dans la fonction "public: virtual bool __cdecl SceneGame::onInit(void)" (?onInit@SceneGame@@UEAA_NXZ)
SceneGame.obj : error LNK2019: symbole externe non résolu "__declspec(dllimport) public: virtual __cdecl crea::SpriteRenderer::~SpriteRenderer(void)" (__imp_??1SpriteRenderer@crea@@UEAA@XZ) référencé dans la fonction "public: virtual void * __cdecl crea::SpriteRenderer::`scalar deleting destructor'(unsigned int)" (??_GSpriteRenderer@crea@@UEAAPEAXI@Z)
SceneGame.obj : error LNK2019: symbole externe non résolu "__declspec(dllimport) public: void __cdecl crea::SpriteRenderer::setSprite(class crea::Sprite *)" (__imp_?setSprite@SpriteRenderer@crea@@QEAAXPEAVSprite@2@@Z) référencé dans la fonction "public: virtual bool __cdecl SceneGame::onInit(void)" (?onInit@SceneGame@@UEAA_NXZ)
SceneGame.obj : error LNK2001: symbole externe non résolu "public: virtual bool __cdecl crea::SpriteRenderer::draw(void)" (?draw@SpriteRenderer@crea@@UEAA_NXZ)
SceneGame.obj : error LNK2001: symbole externe non résolu "public: virtual bool __cdecl crea::SpriteRenderer::init(void)" (?init@SpriteRenderer@crea@@UEAA_NXZ)
SceneGame.obj : error LNK2001: symbole externe non résolu "public: virtual bool __cdecl crea::SpriteRenderer::quit(void)" (?quit@SpriteRenderer@crea@@UEAA_NXZ)
SceneGame.obj : error LNK2001: symbole externe non résolu "public: virtual bool __cdecl crea::SpriteRenderer::update(void)" (?update@SpriteRenderer@crea@@UEAA_NXZ)
SceneMap.obj : error LNK2019: symbole externe non résolu "__declspec(dllimport) public: class crea::Map * __cdecl crea::GameManager::getMap(class std::basic_string<char,struct std::char_traits<char>,class std::allocator<char> >)" (__imp_?getMap@GameManager@crea@@QEAAPEAVMap@2@V?$basic_string@DU?$char_traits@D@std@@V?$allocator@D@2@@std@@@Z) référencé dans la fonction "public: virtual bool __cdecl SceneMap::onInit(void)" (?onInit@SceneMap@@UEAA_NXZ)
SceneMap.obj : error LNK2019: symbole externe non résolu "__declspec(dllimport) public: class crea::MapRenderer * __cdecl crea::GameManager::getMapRenderer(class std::basic_string<char,struct std::char_traits<char>,class std::allocator<char> >)" (__imp_?getMapRenderer@GameManager@crea@@QEAAPEAVMapRenderer@2@V?$basic_string@DU?$char_traits@D@std@@V?$allocator@D@2@@std@@@Z) référencé dans la fonction "public: virtual bool __cdecl SceneMap::onInit(void)" (?onInit@SceneMap@@UEAA_NXZ)
SceneMap.obj : error LNK2019: symbole externe non résolu "__declspec(dllimport) public: class crea::Entity * __cdecl crea::GameManager::getEntity(class std::basic_string<char,struct std::char_traits<char>,class std::allocator<char> >)" (__imp_?getEntity@GameManager@crea@@QEAAPEAVEntity@2@V?$basic_string@DU?$char_traits@D@std@@V?$allocator@D@2@@std@@@Z) référencé dans la fonction "public: virtual bool __cdecl SceneMap::onInit(void)" (?onInit@SceneMap@@UEAA_NXZ)
SceneMap.obj : error LNK2019: symbole externe non résolu "__declspec(dllimport) public: void __cdecl crea::GameManager::clearAllData(void)" (__imp_?clearAllData@GameManager@crea@@QEAAXXZ) référencé dans la fonction "public: virtual bool __cdecl SceneMap::onQuit(void)" (?onQuit@SceneMap@@UEAA_NXZ)
SceneMap.obj : error LNK2019: symbole externe non résolu "__declspec(dllimport) public: void __cdecl crea::MapRenderer::setMap(class crea::Map *)" (__imp_?setMap@MapRenderer@crea@@QEAAXPEAVMap@2@@Z) référencé dans la fonction "public: virtual bool __cdecl SceneMap::onInit(void)" (?onInit@SceneMap@@UEAA_NXZ)
SceneMenu.obj : error LNK2019: symbole externe non résolu "__declspec(dllimport) public: class crea::Font * __cdecl crea::GameManager::getFont(class std::basic_string<char,struct std::char_traits<char>,class std::allocator<char> >)" (__imp_?getFont@GameManager@crea@@QEAAPEAVFont@2@V?$basic_string@DU?$char_traits@D@std@@V?$allocator@D@2@@std@@@Z) référencé dans la fonction "public: virtual bool __cdecl SceneMenu::onInit(void)" (?onInit@SceneMenu@@UEAA_NXZ)
SceneMenu.obj : error LNK2019: symbole externe non résolu "__declspec(dllimport) public: class crea::Color * __cdecl crea::GameManager::getColor(class std::basic_string<char,struct std::char_traits<char>,class std::allocator<char> >)" (__imp_?getColor@GameManager@crea@@QEAAPEAVColor@2@V?$basic_string@DU?$char_traits@D@std@@V?$allocator@D@2@@std@@@Z) référencé dans la fonction "public: virtual bool __cdecl SceneMenu::onInit(void)" (?onInit@SceneMenu@@UEAA_NXZ)
SceneMenu.obj : error LNK2019: symbole externe non résolu "__declspec(dllimport) public: void __cdecl crea::Color::setValues(int,int,int,int)" (__imp_?setValues@Color@crea@@QEAAXHHHH@Z) référencé dans la fonction "public: virtual bool __cdecl SceneMenu::onInit(void)" (?onInit@SceneMenu@@UEAA_NXZ)
SceneMenu.obj : error LNK2019: symbole externe non résolu "__declspec(dllimport) public: __cdecl crea::Text::Text(void)" (__imp_??0Text@crea@@QEAA@XZ) référencé dans la fonction "public: __cdecl SceneMenu::SceneMenu(void)" (??0SceneMenu@@QEAA@XZ)
SceneMenu.obj : error LNK2019: symbole externe non résolu "__declspec(dllimport) public: virtual __cdecl crea::Text::~Text(void)" (__imp_??1Text@crea@@UEAA@XZ) référencé dans la fonction "public: virtual __cdecl SceneMenu::~SceneMenu(void)" (??1SceneMenu@@UEAA@XZ)
SceneMenu.obj : error LNK2019: symbole externe non résolu "__declspec(dllimport) public: __cdecl crea::TextRenderer::TextRenderer(void)" (__imp_??0TextRenderer@crea@@QEAA@XZ) référencé dans la fonction "public: virtual bool __cdecl SceneMenu::onInit(void)" (?onInit@SceneMenu@@UEAA_NXZ)
SceneMenu.obj : error LNK2019: symbole externe non résolu "__declspec(dllimport) public: virtual __cdecl crea::TextRenderer::~TextRenderer(void)" (__imp_??1TextRenderer@crea@@UEAA@XZ) référencé dans la fonction "public: virtual void * __cdecl crea::TextRenderer::`scalar deleting destructor'(unsigned int)" (??_GTextRenderer@crea@@UEAAPEAXI@Z)
SceneMenu.obj : error LNK2019: symbole externe non résolu "__declspec(dllimport) public: void __cdecl crea::TextRenderer::setText(class crea::Text *)" (__imp_?setText@TextRenderer@crea@@QEAAXPEAVText@2@@Z) référencé dans la fonction "public: virtual bool __cdecl SceneMenu::onInit(void)" (?onInit@SceneMenu@@UEAA_NXZ)
SceneMenu.obj : error LNK2001: symbole externe non résolu "public: virtual bool __cdecl crea::TextRenderer::draw(void)" (?draw@TextRenderer@crea@@UEAA_NXZ)
SceneMenu.obj : error LNK2001: symbole externe non résolu "public: virtual bool __cdecl crea::TextRenderer::init(void)" (?init@TextRenderer@crea@@UEAA_NXZ)
SceneMenu.obj : error LNK2001: symbole externe non résolu "public: virtual bool __cdecl crea::TextRenderer::quit(void)" (?quit@TextRenderer@crea@@UEAA_NXZ)
SceneMenu.obj : error LNK2001: symbole externe non résolu "public: virtual bool __cdecl crea::TextRenderer::update(void)" (?update@TextRenderer@crea@@UEAA_NXZ)
D:\SVN\2017-2018\Sections\Prog3B\Sebastien Damiens\Cours_IA\2.2 TD Search Space\Enoncé\TD Search Space\Cells\src\..\..\CreaEngine\lib\CreaEngine-d.lib : warning LNK4272: type d'ordinateur bibliothèque 'X86' en conflit avec le type d'ordinateur cible 'x64'
D:\SVN\2017-2018\Sections\Prog3B\Sebastien Damiens\Cours_IA\2.2 TD Search Space\Enoncé\TD Search Space\Cells\src\x64\Debug\Cells-d.exe : fatal error LNK1120: 43 externes non résolus
