  CreaEngine.cpp
  Component.cpp
  Scene.cpp
  DataManager.cpp
  Entity.cpp
  EntityManager.cpp
  GameManager.cpp
  SceneManager.cpp
  Color.cpp
  Font.cpp
  Sprite.cpp
  SpriteRenderer.cpp
  Text.cpp
  TextRenderer.cpp
  Texture.cpp
  InputManager.cpp
     Création de la bibliothèque D:\SVN\2017-2018\Sections\Prog3B\Sebastien Damiens\IA\Corrigé\CreaEngine\src\..\lib\CreaEngine.lib et de l'objet D:\SVN\2017-2018\Sections\Prog3B\Sebastien Damiens\IA\Corrigé\CreaEngine\src\..\lib\CreaEngine.exp
  Génération de code en cours
  All 2090 functions were compiled because no usable IPDB/IOBJ from previous compilation was found.
  Fin de la génération du code
  CreaEngine.vcxproj -> D:\SVN\2017-2018\Sections\Prog3B\Sebastien Damiens\IA\Corrigé\CreaEngine\src\..\bin\CreaEngine.dll
  CreaEngine.vcxproj -> D:\SVN\2017-2018\Sections\Prog3B\Sebastien Damiens\IA\Corrigé\CreaEngine\src\..\lib\CreaEngine.pdb (Full PDB)
