  CreaEngine.cpp
  InputManager.cpp
  Texture.cpp
  TextRenderer.cpp
  Text.cpp
  SpriteRenderer.cpp
  Sprite.cpp
  Font.cpp
  Color.cpp
  SceneManager.cpp
  GameManager.cpp
  EntityManager.cpp
  Entity.cpp
  DataManager.cpp
  Scene.cpp
  Component.cpp
  Génération de code en cours...
     Création de la bibliothèque D:\SVN\2017-2018\Sections\Prog3B\Sebastien Damiens\IA\Corrigé\CreaEngine\src\..\lib\CreaEngine-d.lib et de l'objet D:\SVN\2017-2018\Sections\Prog3B\Sebastien Damiens\IA\Corrigé\CreaEngine\src\..\lib\CreaEngine-d.exp
  CreaEngine.vcxproj -> D:\SVN\2017-2018\Sections\Prog3B\Sebastien Damiens\IA\Corrigé\CreaEngine\src\..\bin\CreaEngine-d.dll
  CreaEngine.vcxproj -> D:\SVN\2017-2018\Sections\Prog3B\Sebastien Damiens\IA\Corrigé\CreaEngine\src\..\lib\CreaEngine-d.pdb (Partial PDB)
